<?xml version="1.0" encoding="UTF-8"?>
<testsuite xmlns:xsi="http://www.w3.org/2001/XMLSchema-instance" xsi:noNamespaceSchemaLocation="https://maven.apache.org/surefire/maven-surefire-plugin/xsd/surefire-test-report.xsd" name="sudoku.GrilleImplTest" time="0.117" tests="6" errors="0" skipped="0" failures="1">
  <properties>
    <property name="sun.desktop" value="windows"/>
    <property name="awt.toolkit" value="sun.awt.windows.WToolkit"/>
    <property name="file.encoding.pkg" value="sun.io"/>
    <property name="java.specification.version" value="1.8"/>
    <property name="sun.cpu.isalist" value="amd64"/>
    <property name="sun.jnu.encoding" value="Cp1252"/>
    <property name="java.class.path" value="C:\Users\128bits\Documents\NetBeansProjects\sudoku\target\test-classes;C:\Users\128bits\Documents\NetBeansProjects\sudoku\target\generated-classes\cobertura;C:\Users\128bits\.m2\repository\junit\junit\4.11\junit-4.11.jar;C:\Users\128bits\.m2\repository\org\hamcrest\hamcrest-core\1.3\hamcrest-core-1.3.jar;C:\Users\128bits\.m2\repository\net\sourceforge\cobertura\cobertura\1.9.4.1\cobertura-1.9.4.1.jar;C:\Users\128bits\.m2\repository\org\apache\ant\ant\1.7.0\ant-1.7.0.jar;C:\Users\128bits\.m2\repository\org\apache\ant\ant-launcher\1.7.0\ant-launcher-1.7.0.jar;"/>
    <property name="java.vm.vendor" value="Oracle Corporation"/>
    <property name="sun.arch.data.model" value="64"/>
    <property name="user.variant" value=""/>
    <property name="java.vendor.url" value="http://java.oracle.com/"/>
    <property name="user.timezone" value=""/>
    <property name="java.vm.specification.version" value="1.8"/>
    <property name="os.name" value="Windows 7"/>
    <property name="user.country" value="FR"/>
    <property name="sun.java.launcher" value="SUN_STANDARD"/>
    <property name="sun.boot.library.path" value="C:\Program Files\Java\jdk1.8.0_144\jre\bin"/>
    <property name="sun.java.command" value="C:\Users\128bits\AppData\Local\Temp\surefire2963732651629020136\surefirebooter4283132772685034352.jar C:\Users\128bits\AppData\Local\Temp\surefire2963732651629020136 2018-12-20T02-03-09_626-jvmRun1 surefire2891401597974750758tmp surefire_08417456713633580080tmp"/>
    <property name="surefire.test.class.path" value="C:\Users\128bits\Documents\NetBeansProjects\sudoku\target\test-classes;C:\Users\128bits\Documents\NetBeansProjects\sudoku\target\generated-classes\cobertura;C:\Users\128bits\.m2\repository\junit\junit\4.11\junit-4.11.jar;C:\Users\128bits\.m2\repository\org\hamcrest\hamcrest-core\1.3\hamcrest-core-1.3.jar;C:\Users\128bits\.m2\repository\net\sourceforge\cobertura\cobertura\1.9.4.1\cobertura-1.9.4.1.jar;C:\Users\128bits\.m2\repository\org\apache\ant\ant\1.7.0\ant-1.7.0.jar;C:\Users\128bits\.m2\repository\org\apache\ant\ant-launcher\1.7.0\ant-launcher-1.7.0.jar;"/>
    <property name="sun.cpu.endian" value="little"/>
    <property name="user.home" value="C:\Users\128bits"/>
    <property name="user.language" value="fr"/>
    <property name="java.specification.vendor" value="Oracle Corporation"/>
    <property name="java.home" value="C:\Program Files\Java\jdk1.8.0_144\jre"/>
    <property name="basedir" value="C:\Users\128bits\Documents\NetBeansProjects\sudoku"/>
    <property name="file.separator" value="\"/>
    <property name="line.separator" value="&#10;"/>
    <property name="java.vm.specification.vendor" value="Oracle Corporation"/>
    <property name="java.specification.name" value="Java Platform API Specification"/>
    <property name="java.awt.graphicsenv" value="sun.awt.Win32GraphicsEnvironment"/>
    <property name="surefire.real.class.path" value="C:\Users\128bits\AppData\Local\Temp\surefire2963732651629020136\surefirebooter4283132772685034352.jar"/>
    <property name="sun.boot.class.path" value="C:\Program Files\Java\jdk1.8.0_144\jre\lib\resources.jar;C:\Program Files\Java\jdk1.8.0_144\jre\lib\rt.jar;C:\Program Files\Java\jdk1.8.0_144\jre\lib\sunrsasign.jar;C:\Program Files\Java\jdk1.8.0_144\jre\lib\jsse.jar;C:\Program Files\Java\jdk1.8.0_144\jre\lib\jce.jar;C:\Program Files\Java\jdk1.8.0_144\jre\lib\charsets.jar;C:\Program Files\Java\jdk1.8.0_144\jre\lib\jfr.jar;C:\Program Files\Java\jdk1.8.0_144\jre\classes"/>
    <property name="user.script" value=""/>
    <property name="sun.management.compiler" value="HotSpot 64-Bit Tiered Compilers"/>
    <property name="java.runtime.version" value="1.8.0_144-b01"/>
    <property name="user.name" value="128bits"/>
    <property name="path.separator" value=";"/>
    <property name="os.version" value="6.1"/>
    <property name="java.endorsed.dirs" value="C:\Program Files\Java\jdk1.8.0_144\jre\lib\endorsed"/>
    <property name="java.runtime.name" value="Java(TM) SE Runtime Environment"/>
    <property name="file.encoding" value="Cp1252"/>
    <property name="java.vm.name" value="Java HotSpot(TM) 64-Bit Server VM"/>
    <property name="localRepository" value="C:\Users\128bits\.m2\repository"/>
    <property name="java.vendor.url.bug" value="http://bugreport.sun.com/bugreport/"/>
    <property name="java.io.tmpdir" value="C:\Users\128bits\AppData\Local\Temp\"/>
    <property name="java.version" value="1.8.0_144"/>
    <property name="user.dir" value="C:\Users\128bits\Documents\NetBeansProjects\sudoku"/>
    <property name="os.arch" value="amd64"/>
    <property name="java.vm.specification.name" value="Java Virtual Machine Specification"/>
    <property name="java.awt.printerjob" value="sun.awt.windows.WPrinterJob"/>
    <property name="sun.os.patch.level" value="Service Pack 1"/>
    <property name="java.library.path" value="C:\Program Files\Java\jdk1.8.0_144\jre\bin;C:\Windows\Sun\Java\bin;C:\Windows\system32;C:\Windows;C:\Users\128bits\cmder\bin;C:\Users\128bits\cmder\vendor\bin;C:\Users\128bits\cmder\vendor\conemu-maximus5\ConEmu\Scripts;C:\Users\128bits\cmder\vendor\conemu-maximus5;C:\Users\128bits\cmder\vendor\conemu-maximus5\ConEmu;C:\ProgramData\Oracle\Java\javapath;c:\Program Files (x86)\Intel\iCLS Client\;c:\Program Files\Intel\iCLS Client\;C:\Windows\system32;C:\Windows;C:\Windows\System32\Wbem;C:\Windows\System32\WindowsPowerShell\v1.0\;C:\Program Files\Intel\WiFi\bin\;C:\Program Files\Common Files\Intel\WirelessCommon\;C:\Program Files\Intel\Intel(R) Management Engine Components\DAL;C:\Program Files\Intel\Intel(R) Management Engine Components\IPT;C:\Program Files (x86)\Intel\Intel(R) Management Engine Components\DAL;C:\Program Files (x86)\Intel\Intel(R) Management Engine Components\IPT;C:\ProgramData\chocolatey\bin;C:\Program Files\Java\jdk1.8.0_144\bin;C:\Program Files (x86)\Druide\Antidote 7\Programmes32;C:\Program Files (x86)\Druide\Antidote 7\Programmes64;C:\Program Files\nodejs\;C:\Program Files\Intel\WiFi\bin\;C:\Program Files\Common Files\Intel\WirelessCommon\;C:\Program Files\Microsoft VS Code\bin;C:\Users\128bits\AppData\Roaming\npm;C:\Users\128bits\cmder\vendor\git-for-windows\cmd;C:\Users\128bits\cmder\vendor\git-for-windows\mingw64\bin;C:\Users\128bits\cmder\vendor\git-for-windows\usr\bin;C:\Users\128bits\cmder;."/>
    <property name="java.vm.info" value="mixed mode"/>
    <property name="java.vendor" value="Oracle Corporation"/>
    <property name="java.vm.version" value="25.144-b01"/>
    <property name="java.ext.dirs" value="C:\Program Files\Java\jdk1.8.0_144\jre\lib\ext;C:\Windows\Sun\Java\lib\ext"/>
    <property name="sun.io.unicode.encoding" value="UnicodeLittle"/>
    <property name="java.class.version" value="52.0"/>
  </properties>
  <testcase name="testGetValue" classname="sudoku.GrilleImplTest" time="0.004"/>
  <testcase name="testMain" classname="sudoku.GrilleImplTest" time="0.001"/>
  <testcase name="testGetDimension" classname="sudoku.GrilleImplTest" time="0.001"/>
  <testcase name="testComplete" classname="sudoku.GrilleImplTest" time="0.073"/>
  <testcase name="testPossible" classname="sudoku.GrilleImplTest" time="0.001"/>
  <testcase name="testSetValue" classname="sudoku.GrilleImplTest" time="0.008">
    <failure message="Expected exception: java.lang.IllegalArgumentException" type="java.lang.AssertionError">java.lang.AssertionError: Expected exception: java.lang.IllegalArgumentException
</failure>
  </testcase>
</testsuite>